16:51:33.230 [ATL-Logging-Thread] INFO  - Organising filesystem

16:51:33.487 [ATL-Logging-Thread] INFO  - ATLauncher Version: 3.4.38.2 [ec6ff701c19464cb227a7a2dba1ae7ecfe380bd0]

16:51:33.490 [ATL-Logging-Thread] INFO  - App Arguments: []

16:51:33.491 [ATL-Logging-Thread] INFO  - JVM Arguments: []

16:51:33.492 [ATL-Logging-Thread] INFO  - Java Version: Java 23 (23.0.2)

16:51:33.493 [ATL-Logging-Thread] INFO  - Java Path: C:\Program Files\Java\jdk-17

16:51:33.494 [ATL-Logging-Thread] INFO  - 64 Bit Java: true

16:51:33.509 [ATL-Logging-Thread] INFO  - RAM Available: 6096MB

16:51:33.512 [ATL-Logging-Thread] INFO  - Launcher Directory: **USERSDIR**

16:51:34.214 [ATL-Logging-Thread] INFO  - GPU: Radeon(TM) RX 460 Graphics (Advanced Micro Devices, Inc. (0x1002)) DriverVersion=27.20.1034.6 4095MB VRAM

16:51:34.217 [ATL-Logging-Thread] INFO  - GPU: Citrix Indirect Display Adapter (Citrix Systems Inc. (0x5853)) DriverVersion=12.40.44.247 0MB VRAM

16:51:34.288 [ATL-Logging-Thread] INFO  - CPU: Intel(R) Core(TM) i7-3770 CPU @ 3.40GHz 4 cores/8 threads

16:51:34.355 [ATL-Logging-Thread] INFO  - Operating System: Windows (10 (Home) build 19045)

16:51:34.358 [ATL-Logging-Thread] INFO  - Bitness: 64

16:51:34.360 [ATL-Logging-Thread] INFO  - Uptime: 169294

16:51:34.361 [ATL-Logging-Thread] INFO  - Manufacturer: Microsoft

16:51:40.321 [ATL-Logging-Thread] INFO  - Showing splash screen and loading everything

16:51:40.323 [ATL-Logging-Thread] INFO  - Checking for updated files!

16:51:42.144 [ATL-Logging-Thread] INFO  - Launcher finished loading everything

16:51:42.154 [ATL-Logging-Thread] INFO  - Launcher opening

16:51:42.155 [ATL-Logging-Thread] INFO  - Made By Bob*

16:51:42.156 [ATL-Logging-Thread] INFO  - *(Not Actually)

16:51:42.162 [ATL-Logging-Thread] INFO  - Setting up Bottom Bar

16:51:42.255 [ATL-Logging-Thread] INFO  - Finished Setting up Bottom Bar

16:51:42.255 [ATL-Logging-Thread] INFO  - Setting up Tabs

16:51:43.759 [ATL-Logging-Thread] INFO  - Finished Setting up Tabs

16:51:43.814 [ATL-Logging-Thread] INFO  - Showing Launcher

16:53:53.514 [ATL-Logging-Thread] INFO  - Started install of Minecraft version 1.21.4

16:53:53.592 [ATL-Logging-Thread] ERROR - java.io.IOException: The system cannot find the path specified

16:53:53.593 [ATL-Logging-Thread] ERROR - 	at java.base/java.io.WinNTFileSystem.createFileExclusively0(Native Method)

16:53:53.594 [ATL-Logging-Thread] ERROR - 	at java.base/java.io.WinNTFileSystem.createFileExclusively(WinNTFileSystem.java:536)

16:53:53.595 [ATL-Logging-Thread] ERROR - 	at java.base/java.io.File.createNewFile(File.java:1045)

16:53:53.598 [ATL-Logging-Thread] ERROR - 	at com.atlauncher.utils.Utils.copyFile(Utils.java:300)

16:53:53.599 [ATL-Logging-Thread] ERROR - 	at com.atlauncher.utils.Utils.copyFile(Utils.java:261)

16:53:53.601 [ATL-Logging-Thread] ERROR - 	at com.atlauncher.workers.InstanceInstaller.backupSelectFiles(InstanceInstaller.java:3854)

16:53:53.603 [ATL-Logging-Thread] ERROR - 	at com.atlauncher.workers.InstanceInstaller.doInBackground(InstanceInstaller.java:359)

16:53:53.604 [ATL-Logging-Thread] ERROR - 	at com.atlauncher.workers.InstanceInstaller.doInBackground(InstanceInstaller.java:152)

16:53:53.606 [ATL-Logging-Thread] ERROR - 	at java.desktop/javax.swing.SwingWorker$1.call(SwingWorker.java:305)

16:53:53.606 [ATL-Logging-Thread] ERROR - 	at java.base/java.util.concurrent.FutureTask.run(FutureTask.java:317)

16:53:53.607 [ATL-Logging-Thread] ERROR - 	at java.desktop/javax.swing.SwingWorker.run(SwingWorker.java:342)

16:53:53.608 [ATL-Logging-Thread] ERROR - 	at java.base/java.util.concurrent.ThreadPoolExecutor.runWorker(ThreadPoolExecutor.java:1144)

16:53:53.612 [ATL-Logging-Thread] ERROR - 	at java.base/java.util.concurrent.ThreadPoolExecutor$Worker.run(ThreadPoolExecutor.java:642)

16:53:53.613 [ATL-Logging-Thread] ERROR - 	at java.base/java.lang.Thread.run(Thread.java:1575)

16:53:53.618 [ATL-Logging-Thread] ERROR - java.io.IOException: The system cannot find the path specified
	at java.base/java.io.WinNTFileSystem.createFileExclusively0(Native Method)
	at java.base/java.io.WinNTFileSystem.createFileExclusively(WinNTFileSystem.java:536)
	at java.base/java.io.File.createNewFile(File.java:1045)
	at com.atlauncher.utils.Utils.copyFile(Utils.java:300)
	at com.atlauncher.utils.Utils.copyFile(Utils.java:261)
	at com.atlauncher.workers.InstanceInstaller.backupSelectFiles(InstanceInstaller.java:3854)
	at com.atlauncher.workers.InstanceInstaller.doInBackground(InstanceInstaller.java:359)
	at com.atlauncher.workers.InstanceInstaller.doInBackground(InstanceInstaller.java:152)
	at java.desktop/javax.swing.SwingWorker$1.call(SwingWorker.java:305)
	at java.base/java.util.concurrent.FutureTask.run(FutureTask.java:317)
	at java.desktop/javax.swing.SwingWorker.run(SwingWorker.java:342)
	at java.base/java.util.concurrent.ThreadPoolExecutor.runWorker(ThreadPoolExecutor.java:1144)
	at java.base/java.util.concurrent.ThreadPoolExecutor$Worker.run(ThreadPoolExecutor.java:642)
	at java.base/java.lang.Thread.run(Thread.java:1575)

16:56:12.496 [ATL-Logging-Thread] INFO  - Started install of Minecraft version 1.21.4

16:56:12.496 [ATL-Logging-Thread] INFO  - Using loader version 54.1.2

16:56:22.994 [ATL-Logging-Thread] ERROR - Error trying to download forge-1.21.4-54.1.2-client.jar

16:56:22.996 [ATL-Logging-Thread] ERROR - java.lang.IllegalArgumentException: Expected URL scheme 'http' or 'https' but no scheme was found for 

16:56:22.996 [ATL-Logging-Thread] ERROR - 	at okhttp3.HttpUrl$Builder.parse$okhttp(HttpUrl.kt:1261)

16:56:22.997 [ATL-Logging-Thread] ERROR - 	at okhttp3.HttpUrl$Companion.get(HttpUrl.kt:1634)

16:56:22.998 [ATL-Logging-Thread] ERROR - 	at okhttp3.Request$Builder.url(Request.kt:184)

16:56:23.000 [ATL-Logging-Thread] ERROR - 	at com.atlauncher.network.Download.execute(Download.java:314)

16:56:23.002 [ATL-Logging-Thread] ERROR - 	at com.atlauncher.network.Download.downloadFile(Download.java:620)

16:56:23.003 [ATL-Logging-Thread] ERROR - 	at com.atlauncher.network.Download.downloadFile(Download.java:576)

16:56:23.005 [ATL-Logging-Thread] ERROR - 	at com.atlauncher.network.DownloadPool$Downloader.run(DownloadPool.java:123)

16:56:23.006 [ATL-Logging-Thread] ERROR - 	at java.base/java.util.concurrent.ThreadPoolExecutor.runWorker(ThreadPoolExecutor.java:1144)

16:56:23.008 [ATL-Logging-Thread] ERROR - 	at java.base/java.util.concurrent.ThreadPoolExecutor$Worker.run(ThreadPoolExecutor.java:642)

16:56:23.009 [ATL-Logging-Thread] ERROR - 	at java.base/java.lang.Thread.run(Thread.java:1575)

16:56:23.040 [ATL-Logging-Thread] ERROR - java.lang.IllegalArgumentException: Expected URL scheme 'http' or 'https' but no scheme was found for 
	at okhttp3.HttpUrl$Builder.parse$okhttp(HttpUrl.kt:1261)
	at okhttp3.HttpUrl$Companion.get(HttpUrl.kt:1634)
	at okhttp3.Request$Builder.url(Request.kt:184)
	at com.atlauncher.network.Download.execute(Download.java:314)
	at com.atlauncher.network.Download.downloadFile(Download.java:620)
	at com.atlauncher.network.Download.downloadFile(Download.java:576)
	at com.atlauncher.network.DownloadPool$Downloader.run(DownloadPool.java:123)
	at java.base/java.util.concurrent.ThreadPoolExecutor.runWorker(ThreadPoolExecutor.java:1144)
	at java.base/java.util.concurrent.ThreadPoolExecutor$Worker.run(ThreadPoolExecutor.java:642)
	at java.base/java.lang.Thread.run(Thread.java:1575)

