[07:57:55] [Datafixer Bootstrap/INFO]: 243 Datafixer optimizations took 819 milliseconds
[07:58:03] [main/WARN]: Failed to add PDH Counter: \Paging File(_Total)\% Usage, Error code: 0xC0000BB8
[07:58:03] [main/WARN]: Failed to add counter for PDH counter: \Paging File(_Total)\% Usage
[07:58:03] [main/INFO]: Disabling further attempts to query Paging File.
[07:58:06] [main/WARN]: COM exception: Invalid Query: SELECT PERCENTUSAGE FROM Win32_PerfRawData_PerfOS_PagingFile
[07:58:14] [Render thread/INFO]: Environment: Environment[sessionHost=https://sessionserver.mojang.com, servicesHost=https://api.minecraftservices.com, name=PROD]
[07:58:14] [Render thread/INFO]: Setting user: PearlYapper3193
[07:58:14] [Render thread/INFO]: Backend library: LWJGL version 3.3.3+5
[07:58:16] [Render thread/INFO]: Reloading ResourceManager: vanilla
[07:58:17] [Worker-Main-1/INFO]: Found unifont_jp_patch-16.0.01.hex, loading
[07:58:17] [Worker-Main-3/INFO]: Found unifont_all_no_pua-16.0.01.hex, loading
[07:58:20] [Render thread/INFO]: OpenAL initialized on device OpenAL Soft on Speakers (Realtek High Definition Audio)
[07:58:20] [Render thread/INFO]: Sound engine started
[07:58:20] [Render thread/INFO]: Created: 1024x512x4 minecraft:textures/atlas/blocks.png-atlas
[07:58:21] [Render thread/INFO]: Created: 256x256x4 minecraft:textures/atlas/signs.png-atlas
[07:58:21] [Render thread/INFO]: Created: 512x512x4 minecraft:textures/atlas/shield_patterns.png-atlas
[07:58:21] [Render thread/INFO]: Created: 512x512x4 minecraft:textures/atlas/banner_patterns.png-atlas
[07:58:21] [Render thread/INFO]: Created: 2048x1024x4 minecraft:textures/atlas/armor_trims.png-atlas
[07:58:21] [Render thread/INFO]: Created: 128x64x4 minecraft:textures/atlas/decorated_pot.png-atlas
[07:58:21] [Render thread/INFO]: Created: 256x256x4 minecraft:textures/atlas/chest.png-atlas
[07:58:21] [Render thread/INFO]: Created: 512x256x4 minecraft:textures/atlas/beds.png-atlas
[07:58:21] [Render thread/INFO]: Created: 512x256x4 minecraft:textures/atlas/shulker_boxes.png-atlas
[07:58:21] [Render thread/INFO]: Created: 64x64x0 minecraft:textures/atlas/map_decorations.png-atlas
[07:58:21] [Render thread/INFO]: Created: 512x256x0 minecraft:textures/atlas/particles.png-atlas
[07:58:21] [Render thread/INFO]: Created: 512x256x0 minecraft:textures/atlas/paintings.png-atlas
[07:58:21] [Render thread/INFO]: Created: 256x128x0 minecraft:textures/atlas/mob_effects.png-atlas
[07:58:21] [Render thread/INFO]: Created: 1024x512x0 minecraft:textures/atlas/gui.png-atlas
[07:58:35] [Download-2/ERROR]: Failed to fetch user properties
com.mojang.authlib.exceptions.AuthenticationUnavailableException: null
	at com.mojang.authlib.exceptions.MinecraftClientException.toAuthenticationException(MinecraftClientException.java:29) ~[authlib-6.0.57.jar:?]
	at com.mojang.authlib.yggdrasil.YggdrasilUserApiService.fetchProperties(YggdrasilUserApiService.java:154) ~[authlib-6.0.57.jar:?]
	at flk.bL(SourceFile:457) ~[client-1.21.4.jar:?]
	at java.base/java.util.concurrent.CompletableFuture$AsyncSupply.run(CompletableFuture.java:1768) ~[?:?]
	at java.base/java.util.concurrent.ThreadPoolExecutor.runWorker(ThreadPoolExecutor.java:1144) ~[?:?]
	at java.base/java.util.concurrent.ThreadPoolExecutor$Worker.run(ThreadPoolExecutor.java:642) ~[?:?]
	at java.base/java.lang.Thread.run(Thread.java:1583) [?:?]
[07:58:35] [Yggdrasil Key Fetcher/ERROR]: Failed to request yggdrasil public key
com.mojang.authlib.exceptions.MinecraftClientException: Failed to read from https://api.minecraftservices.com/publickeys due to Unexpected end of file from server
	at com.mojang.authlib.minecraft.client.MinecraftClient.readInputStream(MinecraftClient.java:111) ~[authlib-6.0.57.jar:?]
	at com.mojang.authlib.minecraft.client.MinecraftClient.get(MinecraftClient.java:56) ~[authlib-6.0.57.jar:?]
	at com.mojang.authlib.yggdrasil.YggdrasilServicesKeyInfo.fetch(YggdrasilServicesKeyInfo.java:114) ~[authlib-6.0.57.jar:?]
	at com.mojang.authlib.yggdrasil.YggdrasilServicesKeyInfo$1.run(YggdrasilServicesKeyInfo.java:89) ~[authlib-6.0.57.jar:?]
	at java.base/java.util.concurrent.Executors$RunnableAdapter.call(Executors.java:572) ~[?:?]
	at java.base/java.util.concurrent.FutureTask.run(FutureTask.java:317) ~[?:?]
	at java.base/java.util.concurrent.ScheduledThreadPoolExecutor$ScheduledFutureTask.run(ScheduledThreadPoolExecutor.java:304) ~[?:?]
	at java.base/java.util.concurrent.ThreadPoolExecutor.runWorker(ThreadPoolExecutor.java:1144) ~[?:?]
	at java.base/java.util.concurrent.ThreadPoolExecutor$Worker.run(ThreadPoolExecutor.java:642) ~[?:?]
	at java.base/java.lang.Thread.run(Thread.java:1583) [?:?]
Caused by: java.net.SocketException: Unexpected end of file from server
	at java.base/sun.net.www.http.HttpClient.parseHTTPHeader(HttpClient.java:955) ~[?:?]
	at java.base/sun.net.www.http.HttpClient.parseHTTP(HttpClient.java:759) ~[?:?]
	at java.base/sun.net.www.http.HttpClient.parseHTTPHeader(HttpClient.java:952) ~[?:?]
	at java.base/sun.net.www.http.HttpClient.parseHTTP(HttpClient.java:759) ~[?:?]
	at java.base/sun.net.www.protocol.http.HttpURLConnection.getInputStream0(HttpURLConnection.java:1690) ~[?:?]
	at java.base/sun.net.www.protocol.http.HttpURLConnection.getInputStream(HttpURLConnection.java:1599) ~[?:?]
	at java.base/java.net.HttpURLConnection.getResponseCode(HttpURLConnection.java:531) ~[?:?]
	at java.base/sun.net.www.protocol.https.HttpsURLConnectionImpl.getResponseCode(HttpsURLConnectionImpl.java:307) ~[?:?]
	at com.mojang.authlib.minecraft.client.MinecraftClient.readInputStream(MinecraftClient.java:82) ~[authlib-6.0.57.jar:?]
	... 9 more
[07:58:59] [IO-Worker-1/ERROR]: Couldn't connect to realms
fih: Realms service error (500) with message 'Could not connect to Realms: Unexpected end of file from server'
	at fgl.a(SourceFile:454) ~[client-1.21.4.jar:?]
	at fgl.g(SourceFile:232) ~[client-1.21.4.jar:?]
	at fgf.c(SourceFile:51) ~[client-1.21.4.jar:?]
	at java.base/java.util.concurrent.CompletableFuture$AsyncSupply.run(CompletableFuture.java:1768) ~[?:?]
	at java.base/java.util.concurrent.ThreadPoolExecutor.runWorker(ThreadPoolExecutor.java:1144) ~[?:?]
	at java.base/java.util.concurrent.ThreadPoolExecutor$Worker.run(ThreadPoolExecutor.java:642) ~[?:?]
	at java.base/java.lang.Thread.run(Thread.java:1583) [?:?]
