[16:28:26] [main/INFO]: Loading Minecraft 1.21.4 with Fabric Loader 0.16.10
[16:28:26] [main/INFO]: Loading 4 mods:
	- fabricloader 0.16.10
	   \-- mixinextras 0.4.1
	- java 21
	- minecraft 1.21.4
[16:28:26] [main/INFO]: SpongePowered MIXIN Subsystem Version=0.8.7 Source=file:/C:/Users/willi_000/GitHub/minecraft_PearlYapper3193/AT/libraries/net/fabricmc/sponge-mixin/0.15.4+mixin.0.8.7/sponge-mixin-0.15.4+mixin.0.8.7.jar Service=Knot/Fabric Env=CLIENT
[16:28:29] [Datafixer Bootstrap/INFO]: 243 Datafixer optimizations took 836 milliseconds
[16:28:35] [main/WARN]: Failed to add PDH Counter: \Paging File(_Total)\% Usage, Error code: 0xC0000BB8
[16:28:35] [main/WARN]: Failed to add counter for PDH counter: \Paging File(_Total)\% Usage
[16:28:35] [main/INFO]: Disabling further attempts to query Paging File.
[16:28:38] [main/WARN]: COM exception: Invalid Query: SELECT PERCENTUSAGE FROM Win32_PerfRawData_PerfOS_PagingFile
[16:28:44] [main/INFO]: Completely ignored arguments: []
[16:28:44] [Render thread/INFO]: Environment: Environment[sessionHost=https://sessionserver.mojang.com, servicesHost=https://api.minecraftservices.com, name=PROD]
[16:28:44] [Render thread/INFO]: Setting user: PearlYapper3193
[16:28:44] [Render thread/INFO]: Backend library: LWJGL version 3.3.3-snapshot
[16:28:46] [Render thread/INFO]: Reloading ResourceManager: vanilla
[16:28:47] [Worker-Main-4/INFO]: Found unifont_all_no_pua-16.0.01.hex, loading
[16:28:47] [Worker-Main-4/INFO]: Found unifont_jp_patch-16.0.01.hex, loading
[16:28:51] [Render thread/INFO]: OpenAL initialized on device OpenAL Soft on Speakers (Realtek High Definition Audio)
[16:28:51] [Render thread/INFO]: Sound engine started
[16:28:51] [Render thread/INFO]: Created: 1024x512x4 minecraft:textures/atlas/blocks.png-atlas
[16:28:52] [Render thread/INFO]: Created: 256x256x4 minecraft:textures/atlas/signs.png-atlas
[16:28:52] [Render thread/INFO]: Created: 512x512x4 minecraft:textures/atlas/banner_patterns.png-atlas
[16:28:52] [Render thread/INFO]: Created: 512x512x4 minecraft:textures/atlas/shield_patterns.png-atlas
[16:28:52] [Render thread/INFO]: Created: 2048x1024x4 minecraft:textures/atlas/armor_trims.png-atlas
[16:28:52] [Render thread/INFO]: Created: 128x64x4 minecraft:textures/atlas/decorated_pot.png-atlas
[16:28:52] [Render thread/INFO]: Created: 256x256x4 minecraft:textures/atlas/chest.png-atlas
[16:28:52] [Render thread/INFO]: Created: 512x256x4 minecraft:textures/atlas/shulker_boxes.png-atlas
[16:28:52] [Render thread/INFO]: Created: 512x256x4 minecraft:textures/atlas/beds.png-atlas
[16:28:52] [Render thread/INFO]: Created: 64x64x0 minecraft:textures/atlas/map_decorations.png-atlas
[16:28:52] [Render thread/INFO]: Created: 512x256x0 minecraft:textures/atlas/particles.png-atlas
[16:28:52] [Render thread/INFO]: Created: 512x256x0 minecraft:textures/atlas/paintings.png-atlas
[16:28:52] [Render thread/INFO]: Created: 256x128x0 minecraft:textures/atlas/mob_effects.png-atlas
[16:28:52] [Render thread/INFO]: Created: 1024x512x0 minecraft:textures/atlas/gui.png-atlas
[16:31:21] [Render thread/WARN]: Failed to process task pending invite count, will repeat after 2 cycles
net.minecraft.class_4355: Realms service error (500) with message 'Could not connect to Realms: Connect timed out'
	at knot/net.minecraft.class_4341.method_20998(class_4341.java:454) ~[client-intermediary.jar:?]
	at knot/net.minecraft.class_4341.method_21030(class_4341.java:349) ~[client-intermediary.jar:?]
	at knot/net.minecraft.class_4341.method_21029(class_4341.java:344) ~[client-intermediary.jar:?]
	at knot/net.minecraft.class_7581$class_7586.method_44642(class_7581.java:94) ~[client-intermediary.jar:?]
	at java.base/java.util.concurrent.CompletableFuture$AsyncSupply.run(CompletableFuture.java:1768) ~[?:?]
	at java.base/java.util.concurrent.ThreadPoolExecutor.runWorker(ThreadPoolExecutor.java:1144) ~[?:?]
	at java.base/java.util.concurrent.ThreadPoolExecutor$Worker.run(ThreadPoolExecutor.java:642) ~[?:?]
	at java.base/java.lang.Thread.run(Thread.java:1583) ~[?:?]
[16:35:49] [Render thread/WARN]: Failed to process task pending invite count, will repeat after 2 cycles
net.minecraft.class_4355: Realms service error (500) with message 'Could not connect to Realms: Connection refused: getsockopt'
	at knot/net.minecraft.class_4341.method_20998(class_4341.java:454) ~[client-intermediary.jar:?]
	at knot/net.minecraft.class_4341.method_21030(class_4341.java:349) ~[client-intermediary.jar:?]
	at knot/net.minecraft.class_4341.method_21029(class_4341.java:344) ~[client-intermediary.jar:?]
	at knot/net.minecraft.class_7581$class_7586.method_44642(class_7581.java:94) ~[client-intermediary.jar:?]
	at java.base/java.util.concurrent.CompletableFuture$AsyncSupply.run(CompletableFuture.java:1768) ~[?:?]
	at java.base/java.util.concurrent.ThreadPoolExecutor.runWorker(ThreadPoolExecutor.java:1144) ~[?:?]
	at java.base/java.util.concurrent.ThreadPoolExecutor$Worker.run(ThreadPoolExecutor.java:642) ~[?:?]
	at java.base/java.lang.Thread.run(Thread.java:1583) ~[?:?]
